Success (16):
content 7323 _a-0000e2cb-d2c4-8000-23f0-01ef9001ef90_44951 "PS Rules and Constants"
content 7324 _a-0000e2cb-d2c4-8000-23f0-01ef9001ef90_44956 "PS_CONS1"
content 7325 _a-0000e2cb-d2c4-8000-23f0-01ef9001ef90_44962 "PS_CONS_2"
content 7326 _a-0000e2cb-d2c4-8000-23f0-01ef9001ef90_44968 "PS_CONS_3"
content 7374 _a-0000e2cb-d2c4-8000-23f0-01ef9001ef90_45302 "PS_EMOPLOYEE"
content 7376 _a-0000e2cb-d2c4-8000-23f0-01ef9001ef90_45308 "PS_CUSOMER_1"
content 7414 _a-0000e2cb-d2c4-8000-23f0-01ef9001ef90_45468 "PS_GetEmployee"
content 7400 _a-0000e2cb-d2c4-8000-23f0-01ef9001ef90_45488 "PS_getCustomer"
content 7411 _a-0000e2cb-d2c4-8000-23f0-01ef9001ef90_45569 "PS_getUsername"
content 7421 _a-0000e2cb-d2c4-8000-23f0-01ef9001ef90_45632 "PS_uiSectionCapturePaymentDetails"
content 7426 _a-0000e2cb-d2c4-8000-23f0-01ef9001ef90_45665 "PAS_getCustomer"
content 7479 _a-0000e2cb-d2c4-8000-23f0-01ef9001ef90_45671 "PAS_getPrimaryDetails"
content 7502 _a-0000e2cb-d2c4-8000-23f0-01ef9001ef90_45677 "PAS_CUSTOMER_ID"
content 7518 _a-0000e2cb-d2c4-8000-23f0-01ef9001ef90_46396 "PS_NEW"
content 7530 _a-0000e2cb-d2c4-8000-23f0-01ef9001ef90_46500 "PS_NEW_1"
application 7322 _a-0000e2cb-d2c4-8000-23f0-01ef9001ef90_44946 "Payment Screening"

Referenced precedents that were not exported (1):
user kiranj kiranj

Trace:
2019-10-03 12:31:14.579 DEBUG application 7322 _a-0000e2cb-d2c4-8000-23f0-01ef9001ef90_44946 Begin transport.
2019-10-03 12:31:14.579 DEBUG application 7322 _a-0000e2cb-d2c4-8000-23f0-01ef9001ef90_44946 Retrieving object data.
2019-10-03 12:31:14.584 DEBUG application 7322 _a-0000e2cb-d2c4-8000-23f0-01ef9001ef90_44946 App associated objects: [content=[_a-0000e2cb-d2c4-8000-23f0-01ef9001ef90_44951, _a-0000e2cb-d2c4-8000-23f0-01ef9001ef90_44956, _a-0000e2cb-d2c4-8000-23f0-01ef9001ef90_44962, _a-0000e2cb-d2c4-8000-23f0-01ef9001ef90_44968, _a-0000e2cb-d2c4-8000-23f0-01ef9001ef90_45302, _a-0000e2cb-d2c4-8000-23f0-01ef9001ef90_45308, _a-0000e2cb-d2c4-8000-23f0-01ef9001ef90_45468, _a-0000e2cb-d2c4-8000-23f0-01ef9001ef90_45488, _a-0000e2cb-d2c4-8000-23f0-01ef9001ef90_45569, _a-0000e2cb-d2c4-8000-23f0-01ef9001ef90_45632, _a-0000e2cb-d2c4-8000-23f0-01ef9001ef90_45665, _a-0000e2cb-d2c4-8000-23f0-01ef9001ef90_45671, _a-0000e2cb-d2c4-8000-23f0-01ef9001ef90_45677, _a-0000e2cb-d2c4-8000-23f0-01ef9001ef90_46396, _a-0000e2cb-d2c4-8000-23f0-01ef9001ef90_46500],processModelFolder=[_g-0000e2cb-d2c4-8000-23f0-014d98014d98_31],processModel=[0002e32c-345b-8000-23f0-014d98014d98],site=[ec1d17b8-3082-41c8-a258-d6781abefdc2]]
2019-10-03 12:31:14.592 DEBUG application 7322 _a-0000e2cb-d2c4-8000-23f0-01ef9001ef90_44946 Invalid associated objects: [processModelFolder=[_g-0000e2cb-d2c4-8000-23f0-014d98014d98_31],processModel=[0002e32c-345b-8000-23f0-014d98014d98],site=[ec1d17b8-3082-41c8-a258-d6781abefdc2]]
2019-10-03 12:31:14.592 DEBUG application 7322 _a-0000e2cb-d2c4-8000-23f0-01ef9001ef90_44946 Adding valid associated objects to be exported: GlobalBindingMap[content={_a-0000e2cb-d2c4-8000-23f0-01ef9001ef90_44951=7323, _a-0000e2cb-d2c4-8000-23f0-01ef9001ef90_44956=7324, _a-0000e2cb-d2c4-8000-23f0-01ef9001ef90_44962=7325, _a-0000e2cb-d2c4-8000-23f0-01ef9001ef90_44968=7326, _a-0000e2cb-d2c4-8000-23f0-01ef9001ef90_45302=7374, _a-0000e2cb-d2c4-8000-23f0-01ef9001ef90_45308=7376, _a-0000e2cb-d2c4-8000-23f0-01ef9001ef90_45468=7414, _a-0000e2cb-d2c4-8000-23f0-01ef9001ef90_45488=7400, _a-0000e2cb-d2c4-8000-23f0-01ef9001ef90_45569=7411, _a-0000e2cb-d2c4-8000-23f0-01ef9001ef90_45632=7421, _a-0000e2cb-d2c4-8000-23f0-01ef9001ef90_45665=7426, _a-0000e2cb-d2c4-8000-23f0-01ef9001ef90_45671=7479, _a-0000e2cb-d2c4-8000-23f0-01ef9001ef90_45677=7502, _a-0000e2cb-d2c4-8000-23f0-01ef9001ef90_46396=7518, _a-0000e2cb-d2c4-8000-23f0-01ef9001ef90_46500=7530}]
2019-10-03 12:31:14.592 DEBUG application 7322 _a-0000e2cb-d2c4-8000-23f0-01ef9001ef90_44946 Setting uuids of object references.
2019-10-03 12:31:14.594 DEBUG application 7322 _a-0000e2cb-d2c4-8000-23f0-01ef9001ef90_44946 Processing reference: Application.forum
2019-10-03 12:31:14.596 DEBUG application 7322 _a-0000e2cb-d2c4-8000-23f0-01ef9001ef90_44946 Processing reference: Application.parent
2019-10-03 12:31:14.6 DEBUG application 7322 _a-0000e2cb-d2c4-8000-23f0-01ef9001ef90_44946 Processing reference: com.appiancorp.suiteapi.content.ContentRoleMap@2e882c40[
  ContentRole[name=readers,inherit=false,allowForAll=false]
  ContentRole[name=authors,inherit=false,allowForAll=false]
  ContentRole[name=administrators,inherit=false,allowForAll=false]
  ContentRole[name=denyReaders,inherit=false,allowForAll=false]
  ContentRole[name=denyAuthors,inherit=false,allowForAll=false]
  ContentRole[name=denyAdministrators,inherit=false,allowForAll=false]
  securityVector=1:SEC_PUBLIC=true,SEC_CREATOR_ADMIN=false,SEC_INH_ADMIN=false,SEC_INH_EDITOR=false,SEC_INH_VIEWER=false,SEC_ALL_ADMIN=false,SEC_ALL_EDITOR=false,SEC_ALL_VIEWER=false
]
2019-10-03 12:31:14.6 DEBUG application 7322 _a-0000e2cb-d2c4-8000-23f0-01ef9001ef90_44946 Processing reference: ContentRole[name=readers,inherit=false,allowForAll=false]
2019-10-03 12:31:14.6 DEBUG application 7322 _a-0000e2cb-d2c4-8000-23f0-01ef9001ef90_44946 Processing reference: ContentRole[name=authors,inherit=false,allowForAll=false]
2019-10-03 12:31:14.6 DEBUG application 7322 _a-0000e2cb-d2c4-8000-23f0-01ef9001ef90_44946 Processing reference: ContentRole[name=administrators,inherit=false,allowForAll=false]
2019-10-03 12:31:14.6 DEBUG application 7322 _a-0000e2cb-d2c4-8000-23f0-01ef9001ef90_44946 Processing reference: ContentRole[name=denyReaders,inherit=false,allowForAll=false]
2019-10-03 12:31:14.617 DEBUG application 7322 _a-0000e2cb-d2c4-8000-23f0-01ef9001ef90_44946 Processing reference: ContentRole[name=denyAuthors,inherit=false,allowForAll=false]
2019-10-03 12:31:14.617 DEBUG application 7322 _a-0000e2cb-d2c4-8000-23f0-01ef9001ef90_44946 Processing reference: ContentRole[name=denyAdministrators,inherit=false,allowForAll=false]
2019-10-03 12:31:14.621 DEBUG content 7323 _a-0000e2cb-d2c4-8000-23f0-01ef9001ef90_44951 Begin transport.
2019-10-03 12:31:14.621 DEBUG content 7323 _a-0000e2cb-d2c4-8000-23f0-01ef9001ef90_44951 Retrieving object data.
2019-10-03 12:31:14.63 DEBUG content 7323 _a-0000e2cb-d2c4-8000-23f0-01ef9001ef90_44951 Setting uuids of object references.
2019-10-03 12:31:14.63 DEBUG content 7323 _a-0000e2cb-d2c4-8000-23f0-01ef9001ef90_44951 Processing reference: RulesFolder.forum
2019-10-03 12:31:14.63 DEBUG content 7323 _a-0000e2cb-d2c4-8000-23f0-01ef9001ef90_44951 Processing reference: RulesFolder.parent
2019-10-03 12:31:14.634 DEBUG content 7323 _a-0000e2cb-d2c4-8000-23f0-01ef9001ef90_44951 Processing reference: com.appiancorp.suiteapi.content.ContentRoleMap@61e69dc[
  ContentRole[name=readers,inherit=false,allowForAll=false]
  ContentRole[name=authors,inherit=false,allowForAll=false]
  ContentRole[name=administrators,inherit=false,allowForAll=false]
  ContentRole[name=denyReaders,inherit=false,allowForAll=false]
  ContentRole[name=denyAuthors,inherit=false,allowForAll=false]
  ContentRole[name=denyAdministrators,inherit=false,allowForAll=false]
  securityVector=1:SEC_PUBLIC=true,SEC_CREATOR_ADMIN=false,SEC_INH_ADMIN=false,SEC_INH_EDITOR=false,SEC_INH_VIEWER=false,SEC_ALL_ADMIN=false,SEC_ALL_EDITOR=false,SEC_ALL_VIEWER=false
]
2019-10-03 12:31:14.634 DEBUG content 7323 _a-0000e2cb-d2c4-8000-23f0-01ef9001ef90_44951 Processing reference: ContentRole[name=readers,inherit=false,allowForAll=false]
2019-10-03 12:31:14.634 DEBUG content 7323 _a-0000e2cb-d2c4-8000-23f0-01ef9001ef90_44951 Processing reference: ContentRole[name=authors,inherit=false,allowForAll=false]
2019-10-03 12:31:14.634 DEBUG content 7323 _a-0000e2cb-d2c4-8000-23f0-01ef9001ef90_44951 Processing reference: ContentRole[name=administrators,inherit=false,allowForAll=false]
2019-10-03 12:31:14.634 DEBUG content 7323 _a-0000e2cb-d2c4-8000-23f0-01ef9001ef90_44951 Processing reference: ContentRole[name=denyReaders,inherit=false,allowForAll=false]
2019-10-03 12:31:14.634 DEBUG content 7323 _a-0000e2cb-d2c4-8000-23f0-01ef9001ef90_44951 Processing reference: ContentRole[name=denyAuthors,inherit=false,allowForAll=false]
2019-10-03 12:31:14.634 DEBUG content 7323 _a-0000e2cb-d2c4-8000-23f0-01ef9001ef90_44951 Processing reference: ContentRole[name=denyAdministrators,inherit=false,allowForAll=false]
2019-10-03 12:31:14.634 DEBUG content 7323 _a-0000e2cb-d2c4-8000-23f0-01ef9001ef90_44951 Completing produce.
2019-10-03 12:31:14.634 DEBUG content 7323 _a-0000e2cb-d2c4-8000-23f0-01ef9001ef90_44951 Exporting binary resources.
2019-10-03 12:31:14.634 DEBUG content 7323 _a-0000e2cb-d2c4-8000-23f0-01ef9001ef90_44951 Serializing object to XML.
2019-10-03 12:31:14.635 DEBUG content 7323 _a-0000e2cb-d2c4-8000-23f0-01ef9001ef90_44951 Object transported.
2019-10-03 12:31:14.635 DEBUG content 7324 _a-0000e2cb-d2c4-8000-23f0-01ef9001ef90_44956 Begin transport.
2019-10-03 12:31:14.635 DEBUG content 7324 _a-0000e2cb-d2c4-8000-23f0-01ef9001ef90_44956 Retrieving object data.
2019-10-03 12:31:14.644 DEBUG content 7324 _a-0000e2cb-d2c4-8000-23f0-01ef9001ef90_44956 Setting uuids of object references.
2019-10-03 12:31:14.644 DEBUG content 7324 _a-0000e2cb-d2c4-8000-23f0-01ef9001ef90_44956 Processing reference: [Content:id=7324,versionId=-1,name=PS_CONS1,type=32,subtype=0,uuid=_a-0000e2cb-d2c4-8000-23f0-01ef9001ef90_44956,parent=7323]
2019-10-03 12:31:14.644 DEBUG content 7324 _a-0000e2cb-d2c4-8000-23f0-01ef9001ef90_44956 Processing reference: Constant.forum
2019-10-03 12:31:14.645 DEBUG content 7324 _a-0000e2cb-d2c4-8000-23f0-01ef9001ef90_44956 Processing reference: Constant.parent
2019-10-03 12:31:14.648 DEBUG content 7324 _a-0000e2cb-d2c4-8000-23f0-01ef9001ef90_44956 Processing reference: com.appiancorp.suiteapi.content.ContentRoleMap@6319bf38[
  ContentRole[name=readers,inherit=true,allowForAll=false]
  ContentRole[name=authors,inherit=true,allowForAll=false]
  ContentRole[name=administrators,inherit=true,allowForAll=false]
  ContentRole[name=denyReaders,inherit=false,allowForAll=false]
  ContentRole[name=denyAuthors,inherit=false,allowForAll=false]
  ContentRole[name=denyAdministrators,inherit=false,allowForAll=false]
  securityVector=15:SEC_PUBLIC=true,SEC_CREATOR_ADMIN=false,SEC_INH_ADMIN=true,SEC_INH_EDITOR=true,SEC_INH_VIEWER=true,SEC_ALL_ADMIN=false,SEC_ALL_EDITOR=false,SEC_ALL_VIEWER=false
]
2019-10-03 12:31:14.648 DEBUG content 7324 _a-0000e2cb-d2c4-8000-23f0-01ef9001ef90_44956 Processing reference: ContentRole[name=readers,inherit=true,allowForAll=false]
2019-10-03 12:31:14.648 DEBUG content 7324 _a-0000e2cb-d2c4-8000-23f0-01ef9001ef90_44956 Processing reference: ContentRole[name=authors,inherit=true,allowForAll=false]
2019-10-03 12:31:14.648 DEBUG content 7324 _a-0000e2cb-d2c4-8000-23f0-01ef9001ef90_44956 Processing reference: ContentRole[name=administrators,inherit=true,allowForAll=false]
2019-10-03 12:31:14.648 DEBUG content 7324 _a-0000e2cb-d2c4-8000-23f0-01ef9001ef90_44956 Processing reference: ContentRole[name=denyReaders,inherit=false,allowForAll=false]
2019-10-03 12:31:14.648 DEBUG content 7324 _a-0000e2cb-d2c4-8000-23f0-01ef9001ef90_44956 Processing reference: ContentRole[name=denyAuthors,inherit=false,allowForAll=false]
2019-10-03 12:31:14.648 DEBUG content 7324 _a-0000e2cb-d2c4-8000-23f0-01ef9001ef90_44956 Processing reference: ContentRole[name=denyAdministrators,inherit=false,allowForAll=false]
2019-10-03 12:31:14.649 DEBUG content 7324 _a-0000e2cb-d2c4-8000-23f0-01ef9001ef90_44956 Completing produce.
2019-10-03 12:31:14.649 DEBUG content 7324 _a-0000e2cb-d2c4-8000-23f0-01ef9001ef90_44956 Exporting binary resources.
2019-10-03 12:31:14.649 DEBUG content 7324 _a-0000e2cb-d2c4-8000-23f0-01ef9001ef90_44956 Serializing object to XML.
2019-10-03 12:31:14.777 DEBUG content 7324 _a-0000e2cb-d2c4-8000-23f0-01ef9001ef90_44956 Object transported.
2019-10-03 12:31:14.777 DEBUG content 7325 _a-0000e2cb-d2c4-8000-23f0-01ef9001ef90_44962 Begin transport.
2019-10-03 12:31:14.777 DEBUG content 7325 _a-0000e2cb-d2c4-8000-23f0-01ef9001ef90_44962 Retrieving object data.
2019-10-03 12:31:14.786 DEBUG content 7325 _a-0000e2cb-d2c4-8000-23f0-01ef9001ef90_44962 Setting uuids of object references.
2019-10-03 12:31:14.786 DEBUG content 7325 _a-0000e2cb-d2c4-8000-23f0-01ef9001ef90_44962 Processing reference: [Content:id=7325,versionId=-1,name=PS_CONS_2,type=32,subtype=0,uuid=_a-0000e2cb-d2c4-8000-23f0-01ef9001ef90_44962,parent=7323]
2019-10-03 12:31:14.786 DEBUG content 7325 _a-0000e2cb-d2c4-8000-23f0-01ef9001ef90_44962 Processing reference: Constant.forum
2019-10-03 12:31:14.786 DEBUG content 7325 _a-0000e2cb-d2c4-8000-23f0-01ef9001ef90_44962 Processing reference: Constant.parent
2019-10-03 12:31:14.79 DEBUG content 7325 _a-0000e2cb-d2c4-8000-23f0-01ef9001ef90_44962 Processing reference: com.appiancorp.suiteapi.content.ContentRoleMap@513bf87[
  ContentRole[name=readers,inherit=true,allowForAll=false]
  ContentRole[name=authors,inherit=true,allowForAll=false]
  ContentRole[name=administrators,inherit=true,allowForAll=false]
  ContentRole[name=denyReaders,inherit=false,allowForAll=false]
  ContentRole[name=denyAuthors,inherit=false,allowForAll=false]
  ContentRole[name=denyAdministrators,inherit=false,allowForAll=false]
  securityVector=15:SEC_PUBLIC=true,SEC_CREATOR_ADMIN=false,SEC_INH_ADMIN=true,SEC_INH_EDITOR=true,SEC_INH_VIEWER=true,SEC_ALL_ADMIN=false,SEC_ALL_EDITOR=false,SEC_ALL_VIEWER=false
]
2019-10-03 12:31:14.79 DEBUG content 7325 _a-0000e2cb-d2c4-8000-23f0-01ef9001ef90_44962 Processing reference: ContentRole[name=readers,inherit=true,allowForAll=false]
2019-10-03 12:31:14.79 DEBUG content 7325 _a-0000e2cb-d2c4-8000-23f0-01ef9001ef90_44962 Processing reference: ContentRole[name=authors,inherit=true,allowForAll=false]
2019-10-03 12:31:14.79 DEBUG content 7325 _a-0000e2cb-d2c4-8000-23f0-01ef9001ef90_44962 Processing reference: ContentRole[name=administrators,inherit=true,allowForAll=false]
2019-10-03 12:31:14.79 DEBUG content 7325 _a-0000e2cb-d2c4-8000-23f0-01ef9001ef90_44962 Processing reference: ContentRole[name=denyReaders,inherit=false,allowForAll=false]
2019-10-03 12:31:14.79 DEBUG content 7325 _a-0000e2cb-d2c4-8000-23f0-01ef9001ef90_44962 Processing reference: ContentRole[name=denyAuthors,inherit=false,allowForAll=false]
2019-10-03 12:31:14.79 DEBUG content 7325 _a-0000e2cb-d2c4-8000-23f0-01ef9001ef90_44962 Processing reference: ContentRole[name=denyAdministrators,inherit=false,allowForAll=false]
2019-10-03 12:31:14.79 DEBUG content 7325 _a-0000e2cb-d2c4-8000-23f0-01ef9001ef90_44962 Completing produce.
2019-10-03 12:31:14.79 DEBUG content 7325 _a-0000e2cb-d2c4-8000-23f0-01ef9001ef90_44962 Exporting binary resources.
2019-10-03 12:31:14.79 DEBUG content 7325 _a-0000e2cb-d2c4-8000-23f0-01ef9001ef90_44962 Serializing object to XML.
2019-10-03 12:31:14.794 DEBUG content 7325 _a-0000e2cb-d2c4-8000-23f0-01ef9001ef90_44962 Object transported.
2019-10-03 12:31:14.794 DEBUG content 7326 _a-0000e2cb-d2c4-8000-23f0-01ef9001ef90_44968 Begin transport.
2019-10-03 12:31:14.794 DEBUG content 7326 _a-0000e2cb-d2c4-8000-23f0-01ef9001ef90_44968 Retrieving object data.
2019-10-03 12:31:14.802 DEBUG content 7326 _a-0000e2cb-d2c4-8000-23f0-01ef9001ef90_44968 Setting uuids of object references.
2019-10-03 12:31:14.802 DEBUG content 7326 _a-0000e2cb-d2c4-8000-23f0-01ef9001ef90_44968 Processing reference: [Content:id=7326,versionId=-1,name=PS_CONS_3,type=32,subtype=0,uuid=_a-0000e2cb-d2c4-8000-23f0-01ef9001ef90_44968,parent=7323]
2019-10-03 12:31:14.803 DEBUG content 7326 _a-0000e2cb-d2c4-8000-23f0-01ef9001ef90_44968 Processing reference: Constant.forum
2019-10-03 12:31:14.803 DEBUG content 7326 _a-0000e2cb-d2c4-8000-23f0-01ef9001ef90_44968 Processing reference: Constant.parent
2019-10-03 12:31:14.806 DEBUG content 7326 _a-0000e2cb-d2c4-8000-23f0-01ef9001ef90_44968 Processing reference: com.appiancorp.suiteapi.content.ContentRoleMap@3847d698[
  ContentRole[name=readers,inherit=true,allowForAll=false]
  ContentRole[name=authors,inherit=true,allowForAll=false]
  ContentRole[name=administrators,inherit=true,allowForAll=false]
  ContentRole[name=denyReaders,inherit=false,allowForAll=false]
  ContentRole[name=denyAuthors,inherit=false,allowForAll=false]
  ContentRole[name=denyAdministrators,inherit=false,allowForAll=false]
  securityVector=15:SEC_PUBLIC=true,SEC_CREATOR_ADMIN=false,SEC_INH_ADMIN=true,SEC_INH_EDITOR=true,SEC_INH_VIEWER=true,SEC_ALL_ADMIN=false,SEC_ALL_EDITOR=false,SEC_ALL_VIEWER=false
]
2019-10-03 12:31:14.806 DEBUG content 7326 _a-0000e2cb-d2c4-8000-23f0-01ef9001ef90_44968 Processing reference: ContentRole[name=readers,inherit=true,allowForAll=false]
2019-10-03 12:31:14.806 DEBUG content 7326 _a-0000e2cb-d2c4-8000-23f0-01ef9001ef90_44968 Processing reference: ContentRole[name=authors,inherit=true,allowForAll=false]
2019-10-03 12:31:14.806 DEBUG content 7326 _a-0000e2cb-d2c4-8000-23f0-01ef9001ef90_44968 Processing reference: ContentRole[name=administrators,inherit=true,allowForAll=false]
2019-10-03 12:31:14.806 DEBUG content 7326 _a-0000e2cb-d2c4-8000-23f0-01ef9001ef90_44968 Processing reference: ContentRole[name=denyReaders,inherit=false,allowForAll=false]
2019-10-03 12:31:14.806 DEBUG content 7326 _a-0000e2cb-d2c4-8000-23f0-01ef9001ef90_44968 Processing reference: ContentRole[name=denyAuthors,inherit=false,allowForAll=false]
2019-10-03 12:31:14.806 DEBUG content 7326 _a-0000e2cb-d2c4-8000-23f0-01ef9001ef90_44968 Processing reference: ContentRole[name=denyAdministrators,inherit=false,allowForAll=false]
2019-10-03 12:31:14.806 DEBUG content 7326 _a-0000e2cb-d2c4-8000-23f0-01ef9001ef90_44968 Completing produce.
2019-10-03 12:31:14.806 DEBUG content 7326 _a-0000e2cb-d2c4-8000-23f0-01ef9001ef90_44968 Exporting binary resources.
2019-10-03 12:31:14.806 DEBUG content 7326 _a-0000e2cb-d2c4-8000-23f0-01ef9001ef90_44968 Serializing object to XML.
2019-10-03 12:31:14.81 DEBUG content 7326 _a-0000e2cb-d2c4-8000-23f0-01ef9001ef90_44968 Object transported.
2019-10-03 12:31:14.81 DEBUG content 7374 _a-0000e2cb-d2c4-8000-23f0-01ef9001ef90_45302 Begin transport.
2019-10-03 12:31:14.81 DEBUG content 7374 _a-0000e2cb-d2c4-8000-23f0-01ef9001ef90_45302 Retrieving object data.
2019-10-03 12:31:14.818 DEBUG content 7374 _a-0000e2cb-d2c4-8000-23f0-01ef9001ef90_45302 Setting uuids of object references.
2019-10-03 12:31:14.818 DEBUG content 7374 _a-0000e2cb-d2c4-8000-23f0-01ef9001ef90_45302 Processing reference: [Content:id=7374,versionId=-1,name=PS_EMOPLOYEE,type=32,subtype=0,uuid=_a-0000e2cb-d2c4-8000-23f0-01ef9001ef90_45302,parent=7323]
2019-10-03 12:31:14.818 DEBUG content 7374 _a-0000e2cb-d2c4-8000-23f0-01ef9001ef90_45302 Processing reference: Constant.forum
2019-10-03 12:31:14.819 DEBUG content 7374 _a-0000e2cb-d2c4-8000-23f0-01ef9001ef90_45302 Processing reference: Constant.parent
2019-10-03 12:31:14.821 DEBUG content 7374 _a-0000e2cb-d2c4-8000-23f0-01ef9001ef90_45302 Processing reference: com.appiancorp.suiteapi.content.ContentRoleMap@5cebf357[
  ContentRole[name=readers,inherit=true,allowForAll=false]
  ContentRole[name=authors,inherit=true,allowForAll=false]
  ContentRole[name=administrators,inherit=true,allowForAll=false]
  ContentRole[name=denyReaders,inherit=false,allowForAll=false]
  ContentRole[name=denyAuthors,inherit=false,allowForAll=false]
  ContentRole[name=denyAdministrators,inherit=false,allowForAll=false]
  securityVector=15:SEC_PUBLIC=true,SEC_CREATOR_ADMIN=false,SEC_INH_ADMIN=true,SEC_INH_EDITOR=true,SEC_INH_VIEWER=true,SEC_ALL_ADMIN=false,SEC_ALL_EDITOR=false,SEC_ALL_VIEWER=false
]
2019-10-03 12:31:14.821 DEBUG content 7374 _a-0000e2cb-d2c4-8000-23f0-01ef9001ef90_45302 Processing reference: ContentRole[name=readers,inherit=true,allowForAll=false]
2019-10-03 12:31:14.821 DEBUG content 7374 _a-0000e2cb-d2c4-8000-23f0-01ef9001ef90_45302 Processing reference: ContentRole[name=authors,inherit=true,allowForAll=false]
2019-10-03 12:31:14.822 DEBUG content 7374 _a-0000e2cb-d2c4-8000-23f0-01ef9001ef90_45302 Processing reference: ContentRole[name=administrators,inherit=true,allowForAll=false]
2019-10-03 12:31:14.822 DEBUG content 7374 _a-0000e2cb-d2c4-8000-23f0-01ef9001ef90_45302 Processing reference: ContentRole[name=denyReaders,inherit=false,allowForAll=false]
2019-10-03 12:31:14.822 DEBUG content 7374 _a-0000e2cb-d2c4-8000-23f0-01ef9001ef90_45302 Processing reference: ContentRole[name=denyAuthors,inherit=false,allowForAll=false]
2019-10-03 12:31:14.822 DEBUG content 7374 _a-0000e2cb-d2c4-8000-23f0-01ef9001ef90_45302 Processing reference: ContentRole[name=denyAdministrators,inherit=false,allowForAll=false]
2019-10-03 12:31:14.822 DEBUG content 7374 _a-0000e2cb-d2c4-8000-23f0-01ef9001ef90_45302 Completing produce.
2019-10-03 12:31:14.822 DEBUG content 7374 _a-0000e2cb-d2c4-8000-23f0-01ef9001ef90_45302 Exporting binary resources.
2019-10-03 12:31:14.822 DEBUG content 7374 _a-0000e2cb-d2c4-8000-23f0-01ef9001ef90_45302 Serializing object to XML.
2019-10-03 12:31:14.825 DEBUG content 7374 _a-0000e2cb-d2c4-8000-23f0-01ef9001ef90_45302 Object transported.
2019-10-03 12:31:14.825 DEBUG content 7376 _a-0000e2cb-d2c4-8000-23f0-01ef9001ef90_45308 Begin transport.
2019-10-03 12:31:14.825 DEBUG content 7376 _a-0000e2cb-d2c4-8000-23f0-01ef9001ef90_45308 Retrieving object data.
2019-10-03 12:31:14.833 DEBUG content 7376 _a-0000e2cb-d2c4-8000-23f0-01ef9001ef90_45308 Setting uuids of object references.
2019-10-03 12:31:14.833 DEBUG content 7376 _a-0000e2cb-d2c4-8000-23f0-01ef9001ef90_45308 Processing reference: [Content:id=7375,versionId=-1,name=PS_CUSOMER_1,type=32,subtype=0,uuid=_a-0000e2cb-d2c4-8000-23f0-01ef9001ef90_45308,parent=7323]
2019-10-03 12:31:14.834 DEBUG content 7376 _a-0000e2cb-d2c4-8000-23f0-01ef9001ef90_45308 Processing reference: Constant.forum
2019-10-03 12:31:14.834 DEBUG content 7376 _a-0000e2cb-d2c4-8000-23f0-01ef9001ef90_45308 Processing reference: Constant.parent
2019-10-03 12:31:14.837 DEBUG content 7376 _a-0000e2cb-d2c4-8000-23f0-01ef9001ef90_45308 Processing reference: com.appiancorp.suiteapi.content.ContentRoleMap@5f9986d0[
  ContentRole[name=readers,inherit=true,allowForAll=false]
  ContentRole[name=authors,inherit=true,allowForAll=false]
  ContentRole[name=administrators,inherit=true,allowForAll=false]
  ContentRole[name=denyReaders,inherit=false,allowForAll=false]
  ContentRole[name=denyAuthors,inherit=false,allowForAll=false]
  ContentRole[name=denyAdministrators,inherit=false,allowForAll=false]
  securityVector=15:SEC_PUBLIC=true,SEC_CREATOR_ADMIN=false,SEC_INH_ADMIN=true,SEC_INH_EDITOR=true,SEC_INH_VIEWER=true,SEC_ALL_ADMIN=false,SEC_ALL_EDITOR=false,SEC_ALL_VIEWER=false
]
2019-10-03 12:31:14.837 DEBUG content 7376 _a-0000e2cb-d2c4-8000-23f0-01ef9001ef90_45308 Processing reference: ContentRole[name=readers,inherit=true,allowForAll=false]
2019-10-03 12:31:14.837 DEBUG content 7376 _a-0000e2cb-d2c4-8000-23f0-01ef9001ef90_45308 Processing reference: ContentRole[name=authors,inherit=true,allowForAll=false]
2019-10-03 12:31:14.837 DEBUG content 7376 _a-0000e2cb-d2c4-8000-23f0-01ef9001ef90_45308 Processing reference: ContentRole[name=administrators,inherit=true,allowForAll=false]
2019-10-03 12:31:14.837 DEBUG content 7376 _a-0000e2cb-d2c4-8000-23f0-01ef9001ef90_45308 Processing reference: ContentRole[name=denyReaders,inherit=false,allowForAll=false]
2019-10-03 12:31:14.837 DEBUG content 7376 _a-0000e2cb-d2c4-8000-23f0-01ef9001ef90_45308 Processing reference: ContentRole[name=denyAuthors,inherit=false,allowForAll=false]
2019-10-03 12:31:14.837 DEBUG content 7376 _a-0000e2cb-d2c4-8000-23f0-01ef9001ef90_45308 Processing reference: ContentRole[name=denyAdministrators,inherit=false,allowForAll=false]
2019-10-03 12:31:14.837 DEBUG content 7376 _a-0000e2cb-d2c4-8000-23f0-01ef9001ef90_45308 Completing produce.
2019-10-03 12:31:14.837 DEBUG content 7376 _a-0000e2cb-d2c4-8000-23f0-01ef9001ef90_45308 Exporting binary resources.
2019-10-03 12:31:14.837 DEBUG content 7376 _a-0000e2cb-d2c4-8000-23f0-01ef9001ef90_45308 Serializing object to XML.
2019-10-03 12:31:14.841 DEBUG content 7376 _a-0000e2cb-d2c4-8000-23f0-01ef9001ef90_45308 Object transported.
2019-10-03 12:31:14.841 DEBUG content 7414 _a-0000e2cb-d2c4-8000-23f0-01ef9001ef90_45468 Begin transport.
2019-10-03 12:31:14.841 DEBUG content 7414 _a-0000e2cb-d2c4-8000-23f0-01ef9001ef90_45468 Retrieving object data.
2019-10-03 12:31:14.856 DEBUG content 7414 _a-0000e2cb-d2c4-8000-23f0-01ef9001ef90_45468 Setting uuids of object references.
2019-10-03 12:31:14.856 DEBUG content 7414 _a-0000e2cb-d2c4-8000-23f0-01ef9001ef90_45468 Processing reference: [Content:id=7396,versionId=-1,name=PS_GetEmployee,type=32,subtype=1,uuid=_a-0000e2cb-d2c4-8000-23f0-01ef9001ef90_45468,parent=7323]
2019-10-03 12:31:14.856 DEBUG content 7414 _a-0000e2cb-d2c4-8000-23f0-01ef9001ef90_45468 Processing reference: FreeformRule.forum
2019-10-03 12:31:14.857 DEBUG content 7414 _a-0000e2cb-d2c4-8000-23f0-01ef9001ef90_45468 Processing reference: TypedVariable[name=fName,it=3,v=]
2019-10-03 12:31:14.858 DEBUG content 7414 _a-0000e2cb-d2c4-8000-23f0-01ef9001ef90_45468 Processing reference: TypedVariable[name=lName,it=3,v=]
2019-10-03 12:31:14.858 DEBUG content 7414 _a-0000e2cb-d2c4-8000-23f0-01ef9001ef90_45468 Processing reference: FreeformRule.parent
2019-10-03 12:31:14.861 DEBUG content 7414 _a-0000e2cb-d2c4-8000-23f0-01ef9001ef90_45468 Processing reference: com.appiancorp.suiteapi.content.ContentRoleMap@6a93c4e5[
  ContentRole[name=readers,inherit=true,allowForAll=false]
  ContentRole[name=authors,inherit=true,allowForAll=false]
  ContentRole[name=administrators,inherit=true,allowForAll=false]
  ContentRole[name=denyReaders,inherit=false,allowForAll=false]
  ContentRole[name=denyAuthors,inherit=false,allowForAll=false]
  ContentRole[name=denyAdministrators,inherit=false,allowForAll=false]
  securityVector=15:SEC_PUBLIC=true,SEC_CREATOR_ADMIN=false,SEC_INH_ADMIN=true,SEC_INH_EDITOR=true,SEC_INH_VIEWER=true,SEC_ALL_ADMIN=false,SEC_ALL_EDITOR=false,SEC_ALL_VIEWER=false
]
2019-10-03 12:31:14.861 DEBUG content 7414 _a-0000e2cb-d2c4-8000-23f0-01ef9001ef90_45468 Processing reference: ContentRole[name=readers,inherit=true,allowForAll=false]
2019-10-03 12:31:14.861 DEBUG content 7414 _a-0000e2cb-d2c4-8000-23f0-01ef9001ef90_45468 Processing reference: ContentRole[name=authors,inherit=true,allowForAll=false]
2019-10-03 12:31:14.861 DEBUG content 7414 _a-0000e2cb-d2c4-8000-23f0-01ef9001ef90_45468 Processing reference: ContentRole[name=administrators,inherit=true,allowForAll=false]
2019-10-03 12:31:14.861 DEBUG content 7414 _a-0000e2cb-d2c4-8000-23f0-01ef9001ef90_45468 Processing reference: ContentRole[name=denyReaders,inherit=false,allowForAll=false]
2019-10-03 12:31:14.861 DEBUG content 7414 _a-0000e2cb-d2c4-8000-23f0-01ef9001ef90_45468 Processing reference: ContentRole[name=denyAuthors,inherit=false,allowForAll=false]
2019-10-03 12:31:14.861 DEBUG content 7414 _a-0000e2cb-d2c4-8000-23f0-01ef9001ef90_45468 Processing reference: ContentRole[name=denyAdministrators,inherit=false,allowForAll=false]
2019-10-03 12:31:14.863 DEBUG content 7414 _a-0000e2cb-d2c4-8000-23f0-01ef9001ef90_45468 Completing produce.
2019-10-03 12:31:14.863 DEBUG content 7414 _a-0000e2cb-d2c4-8000-23f0-01ef9001ef90_45468 Exporting binary resources.
2019-10-03 12:31:14.863 DEBUG content 7414 _a-0000e2cb-d2c4-8000-23f0-01ef9001ef90_45468 Serializing object to XML.
2019-10-03 12:31:14.87 DEBUG content 7414 _a-0000e2cb-d2c4-8000-23f0-01ef9001ef90_45468 Object transported.
2019-10-03 12:31:14.87 DEBUG content 7400 _a-0000e2cb-d2c4-8000-23f0-01ef9001ef90_45488 Begin transport.
2019-10-03 12:31:14.87 DEBUG content 7400 _a-0000e2cb-d2c4-8000-23f0-01ef9001ef90_45488 Retrieving object data.
2019-10-03 12:31:14.885 DEBUG content 7400 _a-0000e2cb-d2c4-8000-23f0-01ef9001ef90_45488 Setting uuids of object references.
2019-10-03 12:31:14.885 DEBUG content 7400 _a-0000e2cb-d2c4-8000-23f0-01ef9001ef90_45488 Processing reference: [Content:id=7399,versionId=-1,name=PS_getCustomer,type=32,subtype=1,uuid=_a-0000e2cb-d2c4-8000-23f0-01ef9001ef90_45488,parent=7323]
2019-10-03 12:31:14.886 DEBUG content 7400 _a-0000e2cb-d2c4-8000-23f0-01ef9001ef90_45488 Processing reference: FreeformRule.forum
2019-10-03 12:31:14.886 DEBUG content 7400 _a-0000e2cb-d2c4-8000-23f0-01ef9001ef90_45488 Processing reference: TypedVariable[name=name,it=3,v=]
2019-10-03 12:31:14.886 DEBUG content 7400 _a-0000e2cb-d2c4-8000-23f0-01ef9001ef90_45488 Processing reference: FreeformRule.parent
2019-10-03 12:31:14.889 DEBUG content 7400 _a-0000e2cb-d2c4-8000-23f0-01ef9001ef90_45488 Processing reference: com.appiancorp.suiteapi.content.ContentRoleMap@1cbe1d7a[
  ContentRole[name=readers,inherit=true,allowForAll=false]
  ContentRole[name=authors,inherit=true,allowForAll=false]
  ContentRole[name=administrators,inherit=true,allowForAll=false]
  ContentRole[name=denyReaders,inherit=false,allowForAll=false]
  ContentRole[name=denyAuthors,inherit=false,allowForAll=false]
  ContentRole[name=denyAdministrators,inherit=false,allowForAll=false]
  securityVector=15:SEC_PUBLIC=true,SEC_CREATOR_ADMIN=false,SEC_INH_ADMIN=true,SEC_INH_EDITOR=true,SEC_INH_VIEWER=true,SEC_ALL_ADMIN=false,SEC_ALL_EDITOR=false,SEC_ALL_VIEWER=false
]
2019-10-03 12:31:14.889 DEBUG content 7400 _a-0000e2cb-d2c4-8000-23f0-01ef9001ef90_45488 Processing reference: ContentRole[name=readers,inherit=true,allowForAll=false]
2019-10-03 12:31:14.889 DEBUG content 7400 _a-0000e2cb-d2c4-8000-23f0-01ef9001ef90_45488 Processing reference: ContentRole[name=authors,inherit=true,allowForAll=false]
2019-10-03 12:31:14.889 DEBUG content 7400 _a-0000e2cb-d2c4-8000-23f0-01ef9001ef90_45488 Processing reference: ContentRole[name=administrators,inherit=true,allowForAll=false]
2019-10-03 12:31:14.889 DEBUG content 7400 _a-0000e2cb-d2c4-8000-23f0-01ef9001ef90_45488 Processing reference: ContentRole[name=denyReaders,inherit=false,allowForAll=false]
2019-10-03 12:31:14.889 DEBUG content 7400 _a-0000e2cb-d2c4-8000-23f0-01ef9001ef90_45488 Processing reference: ContentRole[name=denyAuthors,inherit=false,allowForAll=false]
2019-10-03 12:31:14.889 DEBUG content 7400 _a-0000e2cb-d2c4-8000-23f0-01ef9001ef90_45488 Processing reference: ContentRole[name=denyAdministrators,inherit=false,allowForAll=false]
2019-10-03 12:31:14.89 DEBUG content 7400 _a-0000e2cb-d2c4-8000-23f0-01ef9001ef90_45488 Completing produce.
2019-10-03 12:31:14.89 DEBUG content 7400 _a-0000e2cb-d2c4-8000-23f0-01ef9001ef90_45488 Exporting binary resources.
2019-10-03 12:31:14.89 DEBUG content 7400 _a-0000e2cb-d2c4-8000-23f0-01ef9001ef90_45488 Serializing object to XML.
2019-10-03 12:31:14.897 DEBUG content 7400 _a-0000e2cb-d2c4-8000-23f0-01ef9001ef90_45488 Object transported.
2019-10-03 12:31:14.897 DEBUG content 7411 _a-0000e2cb-d2c4-8000-23f0-01ef9001ef90_45569 Begin transport.
2019-10-03 12:31:14.897 DEBUG content 7411 _a-0000e2cb-d2c4-8000-23f0-01ef9001ef90_45569 Retrieving object data.
2019-10-03 12:31:14.912 DEBUG content 7411 _a-0000e2cb-d2c4-8000-23f0-01ef9001ef90_45569 Setting uuids of object references.
2019-10-03 12:31:14.912 DEBUG content 7411 _a-0000e2cb-d2c4-8000-23f0-01ef9001ef90_45569 Processing reference: [Content:id=7411,versionId=-1,name=PS_getUsername,type=32,subtype=1,uuid=_a-0000e2cb-d2c4-8000-23f0-01ef9001ef90_45569,parent=7323]
2019-10-03 12:31:14.912 DEBUG content 7411 _a-0000e2cb-d2c4-8000-23f0-01ef9001ef90_45569 Processing reference: FreeformRule.forum
2019-10-03 12:31:14.913 DEBUG content 7411 _a-0000e2cb-d2c4-8000-23f0-01ef9001ef90_45569 Processing reference: FreeformRule.parent
2019-10-03 12:31:14.916 DEBUG content 7411 _a-0000e2cb-d2c4-8000-23f0-01ef9001ef90_45569 Processing reference: com.appiancorp.suiteapi.content.ContentRoleMap@7be0f942[
  ContentRole[name=readers,inherit=true,allowForAll=false]
  ContentRole[name=authors,inherit=true,allowForAll=false]
  ContentRole[name=administrators,usernames=[kiranj],inherit=true,allowForAll=false]
  ContentRole[name=denyReaders,inherit=false,allowForAll=false]
  ContentRole[name=denyAuthors,inherit=false,allowForAll=false]
  ContentRole[name=denyAdministrators,inherit=false,allowForAll=false]
  securityVector=143:SEC_PUBLIC=true,SEC_CREATOR_ADMIN=true,SEC_INH_ADMIN=true,SEC_INH_EDITOR=true,SEC_INH_VIEWER=true,SEC_ALL_ADMIN=false,SEC_ALL_EDITOR=false,SEC_ALL_VIEWER=false
]
2019-10-03 12:31:14.916 DEBUG content 7411 _a-0000e2cb-d2c4-8000-23f0-01ef9001ef90_45569 Processing reference: ContentRole[name=readers,inherit=true,allowForAll=false]
2019-10-03 12:31:14.916 DEBUG content 7411 _a-0000e2cb-d2c4-8000-23f0-01ef9001ef90_45569 Processing reference: ContentRole[name=authors,inherit=true,allowForAll=false]
2019-10-03 12:31:14.916 DEBUG content 7411 _a-0000e2cb-d2c4-8000-23f0-01ef9001ef90_45569 Processing reference: ContentRole[name=administrators,usernames=[kiranj],inherit=true,allowForAll=false]
2019-10-03 12:31:14.917 DEBUG content 7411 _a-0000e2cb-d2c4-8000-23f0-01ef9001ef90_45569 Processing reference: ContentRole[name=denyReaders,inherit=false,allowForAll=false]
2019-10-03 12:31:14.917 DEBUG content 7411 _a-0000e2cb-d2c4-8000-23f0-01ef9001ef90_45569 Processing reference: ContentRole[name=denyAuthors,inherit=false,allowForAll=false]
2019-10-03 12:31:14.918 DEBUG content 7411 _a-0000e2cb-d2c4-8000-23f0-01ef9001ef90_45569 Processing reference: ContentRole[name=denyAdministrators,inherit=false,allowForAll=false]
2019-10-03 12:31:14.919 DEBUG content 7411 _a-0000e2cb-d2c4-8000-23f0-01ef9001ef90_45569 Completing produce.
2019-10-03 12:31:14.919 DEBUG content 7411 _a-0000e2cb-d2c4-8000-23f0-01ef9001ef90_45569 Exporting binary resources.
2019-10-03 12:31:14.919 DEBUG content 7411 _a-0000e2cb-d2c4-8000-23f0-01ef9001ef90_45569 Serializing object to XML.
2019-10-03 12:31:14.923 DEBUG content 7411 _a-0000e2cb-d2c4-8000-23f0-01ef9001ef90_45569 Object transported.
2019-10-03 12:31:14.923 DEBUG content 7421 _a-0000e2cb-d2c4-8000-23f0-01ef9001ef90_45632 Begin transport.
2019-10-03 12:31:14.923 DEBUG content 7421 _a-0000e2cb-d2c4-8000-23f0-01ef9001ef90_45632 Retrieving object data.
2019-10-03 12:31:14.933 DEBUG content 7421 _a-0000e2cb-d2c4-8000-23f0-01ef9001ef90_45632 Setting uuids of object references.
2019-10-03 12:31:14.934 DEBUG content 7421 _a-0000e2cb-d2c4-8000-23f0-01ef9001ef90_45632 Processing reference: [Content:id=7420,versionId=-1,name=PS_uiSectionCapturePaymentDetails,type=32,subtype=6,uuid=_a-0000e2cb-d2c4-8000-23f0-01ef9001ef90_45632,parent=7323]
2019-10-03 12:31:14.934 DEBUG content 7421 _a-0000e2cb-d2c4-8000-23f0-01ef9001ef90_45632 Processing reference: Interface.forum
2019-10-03 12:31:14.935 DEBUG content 7421 _a-0000e2cb-d2c4-8000-23f0-01ef9001ef90_45632 Processing reference: TypedVariable[name=fname,it=3,v=]
2019-10-03 12:31:14.935 DEBUG content 7421 _a-0000e2cb-d2c4-8000-23f0-01ef9001ef90_45632 Processing reference: TypedVariable[name=lname,it=3,v=]
2019-10-03 12:31:14.935 DEBUG content 7421 _a-0000e2cb-d2c4-8000-23f0-01ef9001ef90_45632 Processing reference: TypedVariable[name=date,it=3,v=]
2019-10-03 12:31:14.935 DEBUG content 7421 _a-0000e2cb-d2c4-8000-23f0-01ef9001ef90_45632 Processing reference: TypedVariable[name=comments,it=3,v=]
2019-10-03 12:31:14.935 DEBUG content 7421 _a-0000e2cb-d2c4-8000-23f0-01ef9001ef90_45632 Processing reference: TypedVariable[name=btnAction,it=3,v=]
2019-10-03 12:31:14.935 DEBUG content 7421 _a-0000e2cb-d2c4-8000-23f0-01ef9001ef90_45632 Processing reference: Interface.parent
2019-10-03 12:31:14.939 DEBUG content 7421 _a-0000e2cb-d2c4-8000-23f0-01ef9001ef90_45632 Processing reference: com.appiancorp.suiteapi.content.ContentRoleMap@59d24cf7[
  ContentRole[name=readers,inherit=true,allowForAll=false]
  ContentRole[name=authors,inherit=true,allowForAll=false]
  ContentRole[name=administrators,inherit=true,allowForAll=false]
  ContentRole[name=denyReaders,inherit=false,allowForAll=false]
  ContentRole[name=denyAuthors,inherit=false,allowForAll=false]
  ContentRole[name=denyAdministrators,inherit=false,allowForAll=false]
  securityVector=15:SEC_PUBLIC=true,SEC_CREATOR_ADMIN=false,SEC_INH_ADMIN=true,SEC_INH_EDITOR=true,SEC_INH_VIEWER=true,SEC_ALL_ADMIN=false,SEC_ALL_EDITOR=false,SEC_ALL_VIEWER=false
]
2019-10-03 12:31:14.939 DEBUG content 7421 _a-0000e2cb-d2c4-8000-23f0-01ef9001ef90_45632 Processing reference: ContentRole[name=readers,inherit=true,allowForAll=false]
2019-10-03 12:31:14.939 DEBUG content 7421 _a-0000e2cb-d2c4-8000-23f0-01ef9001ef90_45632 Processing reference: ContentRole[name=authors,inherit=true,allowForAll=false]
2019-10-03 12:31:14.939 DEBUG content 7421 _a-0000e2cb-d2c4-8000-23f0-01ef9001ef90_45632 Processing reference: ContentRole[name=administrators,inherit=true,allowForAll=false]
2019-10-03 12:31:14.939 DEBUG content 7421 _a-0000e2cb-d2c4-8000-23f0-01ef9001ef90_45632 Processing reference: ContentRole[name=denyReaders,inherit=false,allowForAll=false]
2019-10-03 12:31:14.939 DEBUG content 7421 _a-0000e2cb-d2c4-8000-23f0-01ef9001ef90_45632 Processing reference: ContentRole[name=denyAuthors,inherit=false,allowForAll=false]
2019-10-03 12:31:14.939 DEBUG content 7421 _a-0000e2cb-d2c4-8000-23f0-01ef9001ef90_45632 Processing reference: ContentRole[name=denyAdministrators,inherit=false,allowForAll=false]
2019-10-03 12:31:14.939 DEBUG content 7421 _a-0000e2cb-d2c4-8000-23f0-01ef9001ef90_45632 Completing produce.
2019-10-03 12:31:14.939 DEBUG content 7421 _a-0000e2cb-d2c4-8000-23f0-01ef9001ef90_45632 Exporting binary resources.
2019-10-03 12:31:14.939 DEBUG content 7421 _a-0000e2cb-d2c4-8000-23f0-01ef9001ef90_45632 Serializing object to XML.
2019-10-03 12:31:14.949 DEBUG content 7421 _a-0000e2cb-d2c4-8000-23f0-01ef9001ef90_45632 Object transported.
2019-10-03 12:31:14.949 DEBUG content 7426 _a-0000e2cb-d2c4-8000-23f0-01ef9001ef90_45665 Begin transport.
2019-10-03 12:31:14.949 DEBUG content 7426 _a-0000e2cb-d2c4-8000-23f0-01ef9001ef90_45665 Retrieving object data.
2019-10-03 12:31:14.959 DEBUG content 7426 _a-0000e2cb-d2c4-8000-23f0-01ef9001ef90_45665 Setting uuids of object references.
2019-10-03 12:31:14.959 DEBUG content 7426 _a-0000e2cb-d2c4-8000-23f0-01ef9001ef90_45665 Processing reference: [Content:id=7426,versionId=-1,name=PAS_getCustomer,type=32,subtype=1,uuid=_a-0000e2cb-d2c4-8000-23f0-01ef9001ef90_45665,parent=7323]
2019-10-03 12:31:14.959 DEBUG content 7426 _a-0000e2cb-d2c4-8000-23f0-01ef9001ef90_45665 Processing reference: FreeformRule.forum
2019-10-03 12:31:14.959 DEBUG content 7426 _a-0000e2cb-d2c4-8000-23f0-01ef9001ef90_45665 Processing reference: FreeformRule.parent
2019-10-03 12:31:14.962 DEBUG content 7426 _a-0000e2cb-d2c4-8000-23f0-01ef9001ef90_45665 Processing reference: com.appiancorp.suiteapi.content.ContentRoleMap@38313b00[
  ContentRole[name=readers,inherit=true,allowForAll=false]
  ContentRole[name=authors,inherit=true,allowForAll=false]
  ContentRole[name=administrators,inherit=true,allowForAll=false]
  ContentRole[name=denyReaders,inherit=false,allowForAll=false]
  ContentRole[name=denyAuthors,inherit=false,allowForAll=false]
  ContentRole[name=denyAdministrators,inherit=false,allowForAll=false]
  securityVector=15:SEC_PUBLIC=true,SEC_CREATOR_ADMIN=false,SEC_INH_ADMIN=true,SEC_INH_EDITOR=true,SEC_INH_VIEWER=true,SEC_ALL_ADMIN=false,SEC_ALL_EDITOR=false,SEC_ALL_VIEWER=false
]
2019-10-03 12:31:14.962 DEBUG content 7426 _a-0000e2cb-d2c4-8000-23f0-01ef9001ef90_45665 Processing reference: ContentRole[name=readers,inherit=true,allowForAll=false]
2019-10-03 12:31:14.962 DEBUG content 7426 _a-0000e2cb-d2c4-8000-23f0-01ef9001ef90_45665 Processing reference: ContentRole[name=authors,inherit=true,allowForAll=false]
2019-10-03 12:31:14.962 DEBUG content 7426 _a-0000e2cb-d2c4-8000-23f0-01ef9001ef90_45665 Processing reference: ContentRole[name=administrators,inherit=true,allowForAll=false]
2019-10-03 12:31:14.962 DEBUG content 7426 _a-0000e2cb-d2c4-8000-23f0-01ef9001ef90_45665 Processing reference: ContentRole[name=denyReaders,inherit=false,allowForAll=false]
2019-10-03 12:31:14.962 DEBUG content 7426 _a-0000e2cb-d2c4-8000-23f0-01ef9001ef90_45665 Processing reference: ContentRole[name=denyAuthors,inherit=false,allowForAll=false]
2019-10-03 12:31:14.962 DEBUG content 7426 _a-0000e2cb-d2c4-8000-23f0-01ef9001ef90_45665 Processing reference: ContentRole[name=denyAdministrators,inherit=false,allowForAll=false]
2019-10-03 12:31:14.963 DEBUG content 7426 _a-0000e2cb-d2c4-8000-23f0-01ef9001ef90_45665 Completing produce.
2019-10-03 12:31:14.963 DEBUG content 7426 _a-0000e2cb-d2c4-8000-23f0-01ef9001ef90_45665 Exporting binary resources.
2019-10-03 12:31:14.963 DEBUG content 7426 _a-0000e2cb-d2c4-8000-23f0-01ef9001ef90_45665 Serializing object to XML.
2019-10-03 12:31:14.963 DEBUG content 7426 _a-0000e2cb-d2c4-8000-23f0-01ef9001ef90_45665 Object transported.
2019-10-03 12:31:14.963 DEBUG content 7479 _a-0000e2cb-d2c4-8000-23f0-01ef9001ef90_45671 Begin transport.
2019-10-03 12:31:14.963 DEBUG content 7479 _a-0000e2cb-d2c4-8000-23f0-01ef9001ef90_45671 Retrieving object data.
2019-10-03 12:31:14.974 DEBUG content 7479 _a-0000e2cb-d2c4-8000-23f0-01ef9001ef90_45671 Setting uuids of object references.
2019-10-03 12:31:14.974 DEBUG content 7479 _a-0000e2cb-d2c4-8000-23f0-01ef9001ef90_45671 Processing reference: [Content:id=7427,versionId=-1,name=PAS_getPrimaryDetails,type=32,subtype=1,uuid=_a-0000e2cb-d2c4-8000-23f0-01ef9001ef90_45671,parent=7323]
2019-10-03 12:31:14.974 DEBUG content 7479 _a-0000e2cb-d2c4-8000-23f0-01ef9001ef90_45671 Processing reference: FreeformRule.forum
2019-10-03 12:31:14.975 DEBUG content 7479 _a-0000e2cb-d2c4-8000-23f0-01ef9001ef90_45671 Processing reference: FreeformRule.parent
2019-10-03 12:31:14.978 DEBUG content 7479 _a-0000e2cb-d2c4-8000-23f0-01ef9001ef90_45671 Processing reference: com.appiancorp.suiteapi.content.ContentRoleMap@ea8467d[
  ContentRole[name=readers,inherit=true,allowForAll=false]
  ContentRole[name=authors,inherit=true,allowForAll=false]
  ContentRole[name=administrators,inherit=true,allowForAll=false]
  ContentRole[name=denyReaders,inherit=false,allowForAll=false]
  ContentRole[name=denyAuthors,inherit=false,allowForAll=false]
  ContentRole[name=denyAdministrators,inherit=false,allowForAll=false]
  securityVector=15:SEC_PUBLIC=true,SEC_CREATOR_ADMIN=false,SEC_INH_ADMIN=true,SEC_INH_EDITOR=true,SEC_INH_VIEWER=true,SEC_ALL_ADMIN=false,SEC_ALL_EDITOR=false,SEC_ALL_VIEWER=false
]
2019-10-03 12:31:14.978 DEBUG content 7479 _a-0000e2cb-d2c4-8000-23f0-01ef9001ef90_45671 Processing reference: ContentRole[name=readers,inherit=true,allowForAll=false]
2019-10-03 12:31:14.978 DEBUG content 7479 _a-0000e2cb-d2c4-8000-23f0-01ef9001ef90_45671 Processing reference: ContentRole[name=authors,inherit=true,allowForAll=false]
2019-10-03 12:31:14.978 DEBUG content 7479 _a-0000e2cb-d2c4-8000-23f0-01ef9001ef90_45671 Processing reference: ContentRole[name=administrators,inherit=true,allowForAll=false]
2019-10-03 12:31:14.978 DEBUG content 7479 _a-0000e2cb-d2c4-8000-23f0-01ef9001ef90_45671 Processing reference: ContentRole[name=denyReaders,inherit=false,allowForAll=false]
2019-10-03 12:31:14.978 DEBUG content 7479 _a-0000e2cb-d2c4-8000-23f0-01ef9001ef90_45671 Processing reference: ContentRole[name=denyAuthors,inherit=false,allowForAll=false]
2019-10-03 12:31:14.978 DEBUG content 7479 _a-0000e2cb-d2c4-8000-23f0-01ef9001ef90_45671 Processing reference: ContentRole[name=denyAdministrators,inherit=false,allowForAll=false]
2019-10-03 12:31:14.978 DEBUG content 7479 _a-0000e2cb-d2c4-8000-23f0-01ef9001ef90_45671 Completing produce.
2019-10-03 12:31:14.978 DEBUG content 7479 _a-0000e2cb-d2c4-8000-23f0-01ef9001ef90_45671 Exporting binary resources.
2019-10-03 12:31:14.978 DEBUG content 7479 _a-0000e2cb-d2c4-8000-23f0-01ef9001ef90_45671 Serializing object to XML.
2019-10-03 12:31:14.979 DEBUG content 7479 _a-0000e2cb-d2c4-8000-23f0-01ef9001ef90_45671 Object transported.
2019-10-03 12:31:14.979 DEBUG content 7502 _a-0000e2cb-d2c4-8000-23f0-01ef9001ef90_45677 Begin transport.
2019-10-03 12:31:14.979 DEBUG content 7502 _a-0000e2cb-d2c4-8000-23f0-01ef9001ef90_45677 Retrieving object data.
2019-10-03 12:31:14.989 DEBUG content 7502 _a-0000e2cb-d2c4-8000-23f0-01ef9001ef90_45677 Setting uuids of object references.
2019-10-03 12:31:14.989 DEBUG content 7502 _a-0000e2cb-d2c4-8000-23f0-01ef9001ef90_45677 Processing reference: [Content:id=7428,versionId=-1,name=PAS_CUSTOMER_ID,type=32,subtype=0,uuid=_a-0000e2cb-d2c4-8000-23f0-01ef9001ef90_45677,parent=7323]
2019-10-03 12:31:14.989 DEBUG content 7502 _a-0000e2cb-d2c4-8000-23f0-01ef9001ef90_45677 Processing reference: Constant.forum
2019-10-03 12:31:14.99 DEBUG content 7502 _a-0000e2cb-d2c4-8000-23f0-01ef9001ef90_45677 Processing reference: Constant.parent
2019-10-03 12:31:14.993 DEBUG content 7502 _a-0000e2cb-d2c4-8000-23f0-01ef9001ef90_45677 Processing reference: com.appiancorp.suiteapi.content.ContentRoleMap@46f37a56[
  ContentRole[name=readers,inherit=true,allowForAll=false]
  ContentRole[name=authors,inherit=true,allowForAll=false]
  ContentRole[name=administrators,inherit=true,allowForAll=false]
  ContentRole[name=denyReaders,inherit=false,allowForAll=false]
  ContentRole[name=denyAuthors,inherit=false,allowForAll=false]
  ContentRole[name=denyAdministrators,inherit=false,allowForAll=false]
  securityVector=15:SEC_PUBLIC=true,SEC_CREATOR_ADMIN=false,SEC_INH_ADMIN=true,SEC_INH_EDITOR=true,SEC_INH_VIEWER=true,SEC_ALL_ADMIN=false,SEC_ALL_EDITOR=false,SEC_ALL_VIEWER=false
]
2019-10-03 12:31:14.993 DEBUG content 7502 _a-0000e2cb-d2c4-8000-23f0-01ef9001ef90_45677 Processing reference: ContentRole[name=readers,inherit=true,allowForAll=false]
2019-10-03 12:31:14.993 DEBUG content 7502 _a-0000e2cb-d2c4-8000-23f0-01ef9001ef90_45677 Processing reference: ContentRole[name=authors,inherit=true,allowForAll=false]
2019-10-03 12:31:14.993 DEBUG content 7502 _a-0000e2cb-d2c4-8000-23f0-01ef9001ef90_45677 Processing reference: ContentRole[name=administrators,inherit=true,allowForAll=false]
2019-10-03 12:31:14.993 DEBUG content 7502 _a-0000e2cb-d2c4-8000-23f0-01ef9001ef90_45677 Processing reference: ContentRole[name=denyReaders,inherit=false,allowForAll=false]
2019-10-03 12:31:14.993 DEBUG content 7502 _a-0000e2cb-d2c4-8000-23f0-01ef9001ef90_45677 Processing reference: ContentRole[name=denyAuthors,inherit=false,allowForAll=false]
2019-10-03 12:31:14.993 DEBUG content 7502 _a-0000e2cb-d2c4-8000-23f0-01ef9001ef90_45677 Processing reference: ContentRole[name=denyAdministrators,inherit=false,allowForAll=false]
2019-10-03 12:31:14.994 DEBUG content 7502 _a-0000e2cb-d2c4-8000-23f0-01ef9001ef90_45677 Registering export properties.
2019-10-03 12:31:14.994 DEBUG content 7502 _a-0000e2cb-d2c4-8000-23f0-01ef9001ef90_45677 Completing produce.
2019-10-03 12:31:14.994 DEBUG content 7502 _a-0000e2cb-d2c4-8000-23f0-01ef9001ef90_45677 Exporting binary resources.
2019-10-03 12:31:14.994 DEBUG content 7502 _a-0000e2cb-d2c4-8000-23f0-01ef9001ef90_45677 Serializing object to XML.
2019-10-03 12:31:14.997 DEBUG content 7502 _a-0000e2cb-d2c4-8000-23f0-01ef9001ef90_45677 Object transported.
2019-10-03 12:31:14.997 DEBUG content 7518 _a-0000e2cb-d2c4-8000-23f0-01ef9001ef90_46396 Begin transport.
2019-10-03 12:31:14.997 DEBUG content 7518 _a-0000e2cb-d2c4-8000-23f0-01ef9001ef90_46396 Retrieving object data.
2019-10-03 12:31:15.006 DEBUG content 7518 _a-0000e2cb-d2c4-8000-23f0-01ef9001ef90_46396 Setting uuids of object references.
2019-10-03 12:31:15.007 DEBUG content 7518 _a-0000e2cb-d2c4-8000-23f0-01ef9001ef90_46396 Processing reference: [Content:id=7518,versionId=-1,name=PS_NEW,type=32,subtype=0,uuid=_a-0000e2cb-d2c4-8000-23f0-01ef9001ef90_46396,parent=7323]
2019-10-03 12:31:15.007 DEBUG content 7518 _a-0000e2cb-d2c4-8000-23f0-01ef9001ef90_46396 Processing reference: Constant.forum
2019-10-03 12:31:15.008 DEBUG content 7518 _a-0000e2cb-d2c4-8000-23f0-01ef9001ef90_46396 Processing reference: Constant.parent
2019-10-03 12:31:15.011 DEBUG content 7518 _a-0000e2cb-d2c4-8000-23f0-01ef9001ef90_46396 Processing reference: com.appiancorp.suiteapi.content.ContentRoleMap@7a5b4f71[
  ContentRole[name=readers,inherit=true,allowForAll=false]
  ContentRole[name=authors,inherit=true,allowForAll=false]
  ContentRole[name=administrators,inherit=true,allowForAll=false]
  ContentRole[name=denyReaders,inherit=false,allowForAll=false]
  ContentRole[name=denyAuthors,inherit=false,allowForAll=false]
  ContentRole[name=denyAdministrators,inherit=false,allowForAll=false]
  securityVector=15:SEC_PUBLIC=true,SEC_CREATOR_ADMIN=false,SEC_INH_ADMIN=true,SEC_INH_EDITOR=true,SEC_INH_VIEWER=true,SEC_ALL_ADMIN=false,SEC_ALL_EDITOR=false,SEC_ALL_VIEWER=false
]
2019-10-03 12:31:15.011 DEBUG content 7518 _a-0000e2cb-d2c4-8000-23f0-01ef9001ef90_46396 Processing reference: ContentRole[name=readers,inherit=true,allowForAll=false]
2019-10-03 12:31:15.011 DEBUG content 7518 _a-0000e2cb-d2c4-8000-23f0-01ef9001ef90_46396 Processing reference: ContentRole[name=authors,inherit=true,allowForAll=false]
2019-10-03 12:31:15.011 DEBUG content 7518 _a-0000e2cb-d2c4-8000-23f0-01ef9001ef90_46396 Processing reference: ContentRole[name=administrators,inherit=true,allowForAll=false]
2019-10-03 12:31:15.011 DEBUG content 7518 _a-0000e2cb-d2c4-8000-23f0-01ef9001ef90_46396 Processing reference: ContentRole[name=denyReaders,inherit=false,allowForAll=false]
2019-10-03 12:31:15.011 DEBUG content 7518 _a-0000e2cb-d2c4-8000-23f0-01ef9001ef90_46396 Processing reference: ContentRole[name=denyAuthors,inherit=false,allowForAll=false]
2019-10-03 12:31:15.011 DEBUG content 7518 _a-0000e2cb-d2c4-8000-23f0-01ef9001ef90_46396 Processing reference: ContentRole[name=denyAdministrators,inherit=false,allowForAll=false]
2019-10-03 12:31:15.011 DEBUG content 7518 _a-0000e2cb-d2c4-8000-23f0-01ef9001ef90_46396 Completing produce.
2019-10-03 12:31:15.011 DEBUG content 7518 _a-0000e2cb-d2c4-8000-23f0-01ef9001ef90_46396 Exporting binary resources.
2019-10-03 12:31:15.011 DEBUG content 7518 _a-0000e2cb-d2c4-8000-23f0-01ef9001ef90_46396 Serializing object to XML.
2019-10-03 12:31:15.015 DEBUG content 7518 _a-0000e2cb-d2c4-8000-23f0-01ef9001ef90_46396 Object transported.
2019-10-03 12:31:15.015 DEBUG content 7530 _a-0000e2cb-d2c4-8000-23f0-01ef9001ef90_46500 Begin transport.
2019-10-03 12:31:15.015 DEBUG content 7530 _a-0000e2cb-d2c4-8000-23f0-01ef9001ef90_46500 Retrieving object data.
2019-10-03 12:31:15.024 DEBUG content 7530 _a-0000e2cb-d2c4-8000-23f0-01ef9001ef90_46500 Setting uuids of object references.
2019-10-03 12:31:15.024 DEBUG content 7530 _a-0000e2cb-d2c4-8000-23f0-01ef9001ef90_46500 Processing reference: [Content:id=7530,versionId=-1,name=PS_NEW_1,type=32,subtype=0,uuid=_a-0000e2cb-d2c4-8000-23f0-01ef9001ef90_46500,parent=7323]
2019-10-03 12:31:15.024 DEBUG content 7530 _a-0000e2cb-d2c4-8000-23f0-01ef9001ef90_46500 Processing reference: Constant.forum
2019-10-03 12:31:15.025 DEBUG content 7530 _a-0000e2cb-d2c4-8000-23f0-01ef9001ef90_46500 Processing reference: Constant.parent
2019-10-03 12:31:15.028 DEBUG content 7530 _a-0000e2cb-d2c4-8000-23f0-01ef9001ef90_46500 Processing reference: com.appiancorp.suiteapi.content.ContentRoleMap@51661065[
  ContentRole[name=readers,inherit=true,allowForAll=false]
  ContentRole[name=authors,inherit=true,allowForAll=false]
  ContentRole[name=administrators,inherit=true,allowForAll=false]
  ContentRole[name=denyReaders,inherit=false,allowForAll=false]
  ContentRole[name=denyAuthors,inherit=false,allowForAll=false]
  ContentRole[name=denyAdministrators,inherit=false,allowForAll=false]
  securityVector=15:SEC_PUBLIC=true,SEC_CREATOR_ADMIN=false,SEC_INH_ADMIN=true,SEC_INH_EDITOR=true,SEC_INH_VIEWER=true,SEC_ALL_ADMIN=false,SEC_ALL_EDITOR=false,SEC_ALL_VIEWER=false
]
2019-10-03 12:31:15.028 DEBUG content 7530 _a-0000e2cb-d2c4-8000-23f0-01ef9001ef90_46500 Processing reference: ContentRole[name=readers,inherit=true,allowForAll=false]
2019-10-03 12:31:15.028 DEBUG content 7530 _a-0000e2cb-d2c4-8000-23f0-01ef9001ef90_46500 Processing reference: ContentRole[name=authors,inherit=true,allowForAll=false]
2019-10-03 12:31:15.028 DEBUG content 7530 _a-0000e2cb-d2c4-8000-23f0-01ef9001ef90_46500 Processing reference: ContentRole[name=administrators,inherit=true,allowForAll=false]
2019-10-03 12:31:15.028 DEBUG content 7530 _a-0000e2cb-d2c4-8000-23f0-01ef9001ef90_46500 Processing reference: ContentRole[name=denyReaders,inherit=false,allowForAll=false]
2019-10-03 12:31:15.028 DEBUG content 7530 _a-0000e2cb-d2c4-8000-23f0-01ef9001ef90_46500 Processing reference: ContentRole[name=denyAuthors,inherit=false,allowForAll=false]
2019-10-03 12:31:15.028 DEBUG content 7530 _a-0000e2cb-d2c4-8000-23f0-01ef9001ef90_46500 Processing reference: ContentRole[name=denyAdministrators,inherit=false,allowForAll=false]
2019-10-03 12:31:15.028 DEBUG content 7530 _a-0000e2cb-d2c4-8000-23f0-01ef9001ef90_46500 Completing produce.
2019-10-03 12:31:15.028 DEBUG content 7530 _a-0000e2cb-d2c4-8000-23f0-01ef9001ef90_46500 Exporting binary resources.
2019-10-03 12:31:15.028 DEBUG content 7530 _a-0000e2cb-d2c4-8000-23f0-01ef9001ef90_46500 Serializing object to XML.
2019-10-03 12:31:15.032 DEBUG content 7530 _a-0000e2cb-d2c4-8000-23f0-01ef9001ef90_46500 Object transported.
2019-10-03 12:31:15.032 DEBUG application 7322 _a-0000e2cb-d2c4-8000-23f0-01ef9001ef90_44946 Completing produce.
2019-10-03 12:31:15.032 DEBUG application 7322 _a-0000e2cb-d2c4-8000-23f0-01ef9001ef90_44946 Exporting binary resources.
2019-10-03 12:31:15.032 DEBUG application 7322 _a-0000e2cb-d2c4-8000-23f0-01ef9001ef90_44946 Serializing object to XML.
2019-10-03 12:31:15.034 DEBUG application 7322 _a-0000e2cb-d2c4-8000-23f0-01ef9001ef90_44946 Object transported.
